{
  "RSpec": {
    "coverage": {
      "/Users/guy/eksercise-api/ekserciseapp/spec/controllers/people_controller_spec.rb": [
        null,
        null,
        1,
        null,
        1,
        5,
        4,
        null,
        1,
        5,
        1,
        4,
        4,
        4,
        4,
        null,
        null,
        1,
        1,
        null,
        1,
        1,
        null,
        null,
        1,
        1,
        1,
        null,
        null,
        1,
        1,
        1,
        1,
        null,
        null,
        1,
        2,
        null,
        1,
        1,
        1,
        null,
        null,
        null,
        null,
        1,
        null,
        null
      ],
      "/Users/guy/eksercise-api/ekserciseapp/spec/rails_helper.rb": [
        null,
        1,
        1,
        1,
        null,
        1,
        1,
        null,
        null,
        null,
        null,
        null,
        null,
        null,
        null,
        null,
        null,
        null,
        null,
        null,
        null,
        null,
        null,
        null,
        null,
        null,
        1,
        null,
        1,
        null,
        1,
        null,
        null,
        null,
        null,
        1,
        null,
        null,
        null,
        null,
        null,
        null,
        null,
        null,
        null,
        null,
        null,
        null,
        null,
        null,
        1,
        null,
        null,
        1,
        null,
        null,
        null
      ],
      "/Users/guy/eksercise-api/ekserciseapp/config/environment.rb": [
        null,
        null,
        null,
        1,
        null,
        null,
        1
      ],
      "/Users/guy/eksercise-api/ekserciseapp/config/application.rb": [
        null,
        null,
        1,
        null,
        1,
        null,
        null,
        null,
        1,
        null,
        1,
        1,
        null,
        null,
        null,
        null,
        null
      ],
      "/Users/guy/eksercise-api/ekserciseapp/config/boot.rb": [
        null,
        null,
        1,
        null,
        1
      ],
      "/Users/guy/eksercise-api/ekserciseapp/config/environments/test.rb": [
        null,
        null,
        1,
        null,
        null,
        null,
        null,
        null,
        null,
        1,
        null,
        null,
        null,
        null,
        1,
        null,
        null,
        1,
        1,
        null,
        null,
        null,
        null,
        1,
        1,
        null,
        null,
        1,
        null,
        null,
        1,
        1,
        null,
        null,
        null,
        null,
        1,
        null,
        null,
        1,
        null,
        null,
        null,
        null
      ],
      "/Users/guy/eksercise-api/ekserciseapp/config/initializers/application_controller_renderer.rb": [
        null,
        null,
        null,
        null,
        null,
        null,
        null
      ],
      "/Users/guy/eksercise-api/ekserciseapp/config/initializers/assets.rb": [
        null,
        null,
        null,
        null,
        null,
        1,
        null,
        null,
        null,
        null,
        null,
        null,
        null
      ],
      "/Users/guy/eksercise-api/ekserciseapp/config/initializers/backtrace_silencers.rb": [
        null,
        null,
        null,
        null,
        null,
        null,
        null,
        null
      ],
      "/Users/guy/eksercise-api/ekserciseapp/config/initializers/cookies_serializer.rb": [
        null,
        null,
        null,
        null,
        null,
        null,
        1
      ],
      "/Users/guy/eksercise-api/ekserciseapp/config/initializers/filter_parameter_logging.rb": [
        null,
        null,
        null,
        null,
        null,
        1
      ],
      "/Users/guy/eksercise-api/ekserciseapp/config/initializers/inflections.rb": [
        null,
        null,
        null,
        null,
        null,
        null,
        null,
        null,
        null,
        null,
        null,
        null,
        null,
        null,
        null,
        null,
        null
      ],
      "/Users/guy/eksercise-api/ekserciseapp/config/initializers/mime_types.rb": [
        null,
        null,
        null,
        null,
        null
      ],
      "/Users/guy/eksercise-api/ekserciseapp/config/initializers/new_framework_defaults.rb": [
        null,
        null,
        null,
        null,
        null,
        null,
        null,
        null,
        null,
        1,
        null,
        null,
        1,
        null,
        null,
        null,
        1,
        null,
        null,
        1,
        null,
        null,
        1,
        null,
        null,
        1
      ],
      "/Users/guy/eksercise-api/ekserciseapp/config/initializers/redis.rb": [
        1
      ],
      "/Users/guy/eksercise-api/ekserciseapp/config/initializers/session_store.rb": [
        null,
        null,
        null,
        null,
        1
      ],
      "/Users/guy/eksercise-api/ekserciseapp/config/initializers/wrap_parameters.rb": [
        null,
        null,
        null,
        null,
        null,
        null,
        null,
        null,
        1,
        2,
        null,
        null,
        null,
        null,
        null,
        null
      ],
      "/Users/guy/eksercise-api/ekserciseapp/config/routes.rb": [
        null,
        null,
        1,
        null,
        null,
        1,
        1,
        null,
        1,
        null
      ],
      "/Users/guy/eksercise-api/ekserciseapp/app/helpers/application_helper.rb": [
        null,
        null,
        1,
        null
      ],
      "/Users/guy/eksercise-api/ekserciseapp/app/controllers/people_controller.rb": [
        null,
        null,
        1,
        1,
        4,
        null,
        3,
        3,
        3,
        null,
        3,
        null,
        null,
        1,
        0,
        null,
        0,
        null,
        0,
        null,
        0,
        null,
        0,
        null,
        null,
        null,
        null,
        null,
        0,
        null,
        null,
        1,
        null,
        1,
        4,
        null,
        null,
        1,
        null,
        null,
        null,
        null,
        null,
        7,
        null,
        null
      ],
      "/Users/guy/eksercise-api/ekserciseapp/app/controllers/application_controller.rb": [
        null,
        null,
        1,
        1,
        null,
        1,
        0,
        null,
        null,
        1,
        null,
        1,
        6,
        null,
        null
      ]
    },
    "timestamp": 1494083977
  }
}
